<?xml version="1.0" encoding="UTF-8"?>
<!-- Generated by org.testng.reporters.JUnitReportReporter -->
<testsuite hostname="USBLRRAGHVR1" failures="0" tests="1" name="chromedevtoolstest.BlockNetworkRequest" time="4.713" errors="0" timestamp="2023-03-19T12:22:34 IST" skipped="0">
  <testcase classname="chromedevtoolstest.BlockNetworkRequest" name="blockNetworkRequest" time="4.713"/>
  <system-out/>
</testsuite> <!-- chromedevtoolstest.BlockNetworkRequest -->
