<?xml version="1.0" encoding="UTF-8"?>
<!-- Generated by org.testng.reporters.JUnitReportReporter -->
<testsuite hostname="USBLRRAGHVR1" failures="0" tests="1" name="chromedevtoolstest.testCDPCommands" time="17.350" errors="0" timestamp="2023-03-19T11:12:54 IST" skipped="0">
  <testcase classname="chromedevtoolstest.testCDPCommands" name="testGeoLocationOverride" time="17.350"/>
  <system-out/>
</testsuite> <!-- chromedevtoolstest.testCDPCommands -->
