<?xml version="1.0" encoding="UTF-8"?>
<!-- Generated by org.testng.reporters.JUnitReportReporter -->
<testsuite hostname="USBLRRAGHVR1" failures="0" tests="1" name="chromedevtoolstest.BasicAuthentication" time="9.668" errors="0" timestamp="2023-03-19T20:37:28 IST" skipped="0">
  <testcase classname="chromedevtoolstest.BasicAuthentication" name="basicAuthentication" time="9.668"/>
  <system-out/>
</testsuite> <!-- chromedevtoolstest.BasicAuthentication -->
