<?xml version="1.0" encoding="UTF-8"?>
<!-- Generated by org.testng.reporters.JUnitReportReporter -->
<testsuite hostname="USBLRRAGHVR1" failures="0" tests="1" name="chromedevtoolstest.CaptureLogFromConsole" time="6.506" errors="0" timestamp="2023-03-19T18:01:07 IST" skipped="0">
  <testcase classname="chromedevtoolstest.CaptureLogFromConsole" name="captureLogsFromConsole" time="6.506"/>
  <system-out/>
</testsuite> <!-- chromedevtoolstest.CaptureLogFromConsole -->
